         w __deregister_frame_info
         w _ITM_deregisterTMCloneTable
         w _ITM_registerTMCloneTable
         w _Jv_RegisterClasses
         w __register_frame_info
00000000 b .LANCHOR1
00000000 a shift
00000000 a shift
00000000 b _TLS_MODULE_BASE_
00000000 00002000 b tmp_buffer.6553
00001ff8 b .LANCHOR2
00002000 00000401 b __fixedpath
00002404 00000802 b __utf16path
00002c08 00000802 b __utf16path_old.6624
00100000 T _start
00100000 T __start__
00100008 T __service_ptr
0010000c T __apt_appid
00100010 T __heap_size
00100014 T __linear_heap_size
00100018 T __system_arglist
0010001c T __system_runflags
00100020 t startup
00100058 t ClearMem
0010006c t ClrLoop
00100094 T _init
001000ac t deregister_tm_clones
001000dc t register_tm_clones
00100114 t __do_global_dtors_aux
00100158 t frame_dummy
001001b4 00000118 T addTex
001002cc 00000050 T catTex
0010031c 0000009c T texSeek
001003b8 00000058 T texSearch
00100410 00000034 T freeTexTable
00100444 00000070 T addFile
001004b4 0000004c T findFile
00100500 0000003c T getFD
0010053c 00000050 T catFileList
0010058c 0000009c T fileListSeek
00100628 00000034 T freeFileList
0010065c 000000b8 T unRLE
00100714 0000026c T unDelta
00100980 000001f4 T readHG3Image
00100b74 000001c4 T readHGx
00100d38 00000030 T openHGx
00100d68 000000e0 T listDecryptedInt
00100e48 00000028 T bitBuffer_new
00100e70 00000044 T getBit
00100eb4 000000b4 T getEliasGamma
00100f68 00000124 t sf2d_texture_tile32.part.3
0010108c 000001f4 T sf2d_create_texture
00101280 00000050 T sf2d_free_texture
001012d0 000000b8 T sf2d_fill_texture_from_RGBA8
00101388 00000044 T sf2d_create_texture_mem_RGBA8
001013cc 00000074 T sf2d_bind_texture
00101440 00000078 T sf2d_bind_texture_color
001014b8 00000078 T sf2d_bind_texture_parameters
00101530 00000008 T sf2d_texture_set_params
00101538 00000008 T sf2d_texture_get_params
00101540 00000144 T sf2d_draw_texture
00101684 00000148 T sf2d_draw_texture_blend
001017cc 000001b4 T sf2d_draw_texture_rotate_hotspot
00101980 000001b8 T sf2d_draw_texture_rotate_hotspot_blend
00101b38 000001c8 T sf2d_draw_texture_rotate
00101d00 000001cc T sf2d_draw_texture_rotate_blend
00101ecc 000001cc T sf2d_draw_texture_rotate_scale_hotspot
00102098 000001d0 T sf2d_draw_texture_rotate_scale_hotspot_blend
00102268 00000180 T sf2d_draw_texture_part
001023e8 00000184 T sf2d_draw_texture_part_blend
0010256c 0000016c T sf2d_draw_texture_scale
001026d8 00000170 T sf2d_draw_texture_scale_blend
00102848 00000158 T sf2d_draw_texture_part_scale
001029a0 0000015c T sf2d_draw_texture_part_scale_blend
00102afc 00000224 T sf2d_draw_texture_part_rotate_scale
00102d20 00000228 T sf2d_draw_texture_part_rotate_scale_blend
00102f48 00000160 T sf2d_draw_texture_depth
001030a8 00000164 T sf2d_draw_texture_depth_blend
0010320c 00000130 T sf2d_draw_quad_uv
0010333c 0000008c T sf2d_set_pixel
001033c8 0000008c T sf2d_get_pixel
00103454 00000010 T sf2d_texture_tile32
00103464 00000064 t apt_hook_func
001034c8 000001b0 t sf2d_init_advanced.part.0
00103678 00000028 T sf2d_init
001036a0 00000020 T sf2d_init_advanced
001036c0 00000064 T sf2d_fini
00103724 0000000c T sf2d_set_3D
00103730 00000194 T sf2d_start_frame
001038c4 000000ec T sf2d_end_frame
001039b0 000000b0 T sf2d_swapbuffers
00103a60 00000010 T sf2d_set_vblank_wait
00103a70 00000010 T sf2d_get_fps
00103a80 0000002c T sf2d_pool_malloc
00103aac 00000040 T sf2d_pool_memalign
00103aec 00000040 T sf2d_pool_calloc
00103b2c 00000018 T sf2d_pool_space_free
00103b44 00000014 T sf2d_pool_reset
00103b58 00000014 T sf2d_set_clear_color
00103b6c 0000004c T sf2d_set_scissor_test
00103bb8 00000010 T sf2d_get_current_screen
00103bc8 00000010 T sf2d_get_current_side
00103bd8 00000034 T GPU_SetDummyTexEnv
00103c0c 00000084 T vector_mult_matrix4x4
00103c90 00000010 T matrix_gpu_set_uniform
00103ca0 0000003c T matrix_copy
00103cdc 0000004c T matrix_identity4x4
00103d28 00000070 T matrix_mult4x4
00103d98 00000074 T matrix_set_z_rotation
00103e0c 00000060 T matrix_rotate_z
00103e6c 0000004c T matrix_set_scaling
00103eb8 000000a0 T matrix_swap_xy
00103f58 00000114 T matrix_init_orthographic
0010406c 00000020 T next_pow2
0010408c 000000bc T uncompress
00104148 00000090 T inflateResetKeep
001041d8 0000009c T inflateReset
00104274 00000120 T inflateReset2
00104394 00000188 T inflateInit2_
0010451c 00000164 T inflateInit_
00104680 00000078 T inflatePrime
001046f8 00001e9c T inflate
00106594 00000064 T inflateEnd
001065f8 00000098 T inflateGetDictionary
00106690 000001a8 T inflateSetDictionary
00106838 0000003c T inflateGetHeader
00106874 000002b8 T inflateSync
00106b2c 00000040 T inflateSyncPoint
00106b6c 000001ac T inflateCopy
00106d18 00000030 T inflateUndermine
00106d48 00000058 T inflateMark
00106da0 00000bf4 T inflate_table
00107994 0000000c T zlibVersion
001079a0 00000008 T zlibCompileFlags
001079a8 00000014 T zError
001079bc 00000008 T zcalloc
001079c4 00000008 T zcfree
001079cc 00000448 T adler32
00107e14 000000bc T adler32_combine
00107ed0 000000bc T adler32_combine64
00107f8c 00000214 t crc32_combine_
001081a0 0000000c T get_crc_table
001081ac 000003b0 T crc32
0010855c 00000004 T crc32_combine
00108560 00000004 T crc32_combine64
00108564 00000be4 T inflate_fast
00109148 T initSystem
0010918c T __ctru_exit
001091ac T __aeabi_uidiv
001091ac 000001ec T __udivsi3
001091ac t .udivsi3_skip_div0_test
00109398 00000020 T __aeabi_uidivmod
001093b8 T __aeabi_idiv
001093b8 00000220 T __divsi3
001093c0 t .divsi3_skip_div0_test
001095d8 00000020 T __aeabi_idivmod
001095f8 00000004 W __aeabi_idiv0
001095f8 00000004 W __aeabi_ldiv0
001095fc 0000019c T __aeabi_frsub
00109604 00000194 T __aeabi_fsub
00109604 00000194 T __subsf3
00109608 00000190 T __addsf3
00109608 00000190 T __aeabi_fadd
00109798 00000028 T __aeabi_ui2f
00109798 00000028 T __floatunsisf
001097a0 00000020 T __aeabi_i2f
001097a0 00000020 T __floatsisf
001097c0 0000008c T __aeabi_ul2f
001097c0 0000008c T __floatundisf
001097d0 0000007c T __aeabi_l2f
001097d0 0000007c T __floatdisf
0010984c T __aeabi_uldivmod
00109888 00000128 T __udivmoddi4
001099c8 00000390 T strcmp
00109d60 00000008 t null_write
00109d68 00000018 T setDefaultDevice
00109d80 000000bc T FindDevice
00109e3c 0000002c T RemoveDevice
00109e68 00000098 T AddDevice
00109f00 00000024 T GetDeviceOpTab
00109f24 0000007c T _close_r
00109fa0 0000006c T _fstat_r
0010a00c 00000008 T _isatty_r
0010a014 00000078 T _lseek_r
0010a08c 000000c8 T _open_r
0010a154 00000078 T _read_r
0010a1cc 00000070 T _sbrk_r
0010a23c 00000078 T _write_r
0010a2b4 00000020 T _exit
0010a2d4 000001bc T _concatenate_path
0010a490 00000154 T chdir
0010a5e4 000000a0 T getcwd
0010a684 00000008 T __flockfile
0010a68c 00000008 T __funlockfile
0010a694 00000018 T __libc_lock_init
0010a6ac 00000018 T __libc_lock_acquire
0010a6c4 00000024 T __libc_lock_try_acquire
0010a6e8 00000018 T __libc_lock_release
0010a700 00000018 T __libc_lock_close
0010a718 00000018 T __libc_lock_init_recursive
0010a730 00000018 T __libc_lock_acquire_recursive
0010a748 00000024 T __libc_lock_try_acquire_recursive
0010a76c 00000018 T __libc_lock_release_recursive
0010a784 00000018 T __libc_lock_close_recursive
0010a79c 00000044 T __free_handle
0010a7e0 0000003c T __release_handle
0010a81c 00000078 T __alloc_handle
0010a894 0000001c T __get_handle
0010a8b0 000000a4 T dup
0010a954 0000010c T dup2
0010aa60 00000028 T __getreent
0010aa88 0000021c T main
0010aca8 000000c4 T cosf
0010ad6c 000000cc T sinf
0010ae38 000002e0 T __ieee754_rem_pio2f
0010b118 00000124 T __kernel_cosf
0010b23c 00000828 T __kernel_rem_pio2f
0010ba64 000000a0 T __kernel_sinf
0010bb04 00000010 T fabsf
0010bb14 000000b8 T floorf
0010bbcc 00000118 T scalbnf
0010bce4 0000001c T copysignf
0010bd00 00000024 t addrMapNodeComparator(rbtree_node const*, rbtree_node const*)
0010bd24 00000004 t addrMapNodeDestructor(rbtree_node*)
0010bd28 00000130 T vramMemAlign
0010be58 00000008 T vramAlloc
0010be60 00000050 T vramFree
0010beb0 0000000c T vramSpaceFree
0010bebc 00000024 t addrMapNodeComparator(rbtree_node const*, rbtree_node const*)
0010bee0 00000004 t addrMapNodeDestructor(rbtree_node*)
0010bee4 00000140 T linearMemAlign
0010c024 00000008 T linearAlloc
0010c02c 00000050 T linearFree
0010c07c 0000000c T linearSpaceFree
0010c088 000000a0 T MemPool::CoalesceRight(MemBlock*)
0010c128 0000018c T MemPool::Allocate(MemChunk&, unsigned long, int)
0010c2b4 00000104 T MemPool::Deallocate(MemChunk const&)
0010c3b8 00000030 T MemPool::GetFreeSpace()
0010c3e8 00000058 t getSysTime
0010c440 0000004c T osConvertVirtToPhys
0010c48c 00000024 T osGetMemRegionUsed
0010c4b0 000000f4 T __libctru_gtod
0010c5a8 00000078 T osGetTime
0010c620 00000034 T __ctru_speedup_config
0010c654 0000001c T debug_write
0010c670 000001ac T consoleDrawChar
0010c81c 00000128 T consolePrintChar
0010c944 00000184 t consoleCls
0010cac8 000000f8 T consoleInit
0010cbc0 00000138 t consoleClearLine
0010ccf8 000000c0 t newRow
0010cdb8 0000086c T con_write
0010d624 0000008c t gfxSetFramebufferInfo.part.0
0010d6b0 00000010 T gfxSet3D
0010d6c0 00000018 T gfxSetScreenFormat
0010d6d8 00000014 T gfxSetDoubleBuffering
0010d6ec 00000070 T gfxSetFramebufferInfo
0010d75c 00000088 T gfxWriteFramebufferInfo
0010d7e4 000001d0 T gfxInit
0010d9b4 00000010 T gfxInitDefault
0010d9c4 000000e0 T gfxExit
0010daa4 000000b0 T gfxGetFramebuffer
0010db54 000000cc T gfxFlushBuffers
0010dc20 00000070 T gfxConfigScreen
0010dc90 00000020 T gfxSwapBuffersGpu
0010dcb0 0000002c T GPU_Init
0010dcdc 00000010 T GPU_Reset
0010dcec 00000070 T GPU_SetFloatUniform
0010dd5c 000001f4 T GPU_SetViewport
0010df50 0000004c T GPU_SetScissorTest
0010df9c 0000007c T GPU_DepthMap
0010e018 00000038 T GPU_SetAlphaTest
0010e050 00000048 T GPU_SetStencilTest
0010e098 00000034 T GPU_SetStencilOp
0010e0cc 00000038 T GPU_SetDepthTestAndWriteMask
0010e104 00000068 T GPU_SetAlphaBlending
0010e16c 0000003c T GPU_SetBlendingColor
0010e1a8 0000004c T GPU_SetTextureEnable
0010e1f4 00000198 T GPU_SetTexture
0010e38c 00000200 T GPU_SetAttributeBuffers
0010e58c 0000002c T GPU_SetFaceCulling
0010e5b8 00000078 T GPU_SetTexEnv
0010e630 00000130 T GPU_DrawArray
0010e760 0000005c T GPU_FinishDrawing
0010e7bc 00000048 t GPU_SetShaderOutmap
0010e804 000000b8 t GPU_SendShaderCode.constprop.0
0010e8bc 00000070 t GPU_SendOperandDescriptors.constprop.1
0010e92c 0000023c T shaderInstanceInit
0010eb68 00000038 T shaderInstanceFree
0010eba0 00000018 T shaderInstanceGetUniformLocation
0010ebb8 00000018 T shaderProgramInit
0010ebd0 00000030 T shaderProgramFree
0010ec00 0000006c T shaderProgramSetVsh
0010ec6c 00000340 T shaderProgramConfigure
0010efac 0000012c T shaderProgramUse
0010f0d8 0000003c T DVLB_Free
0010f114 00000080 T DVLE_GetUniformRegister
0010f194 00000198 T DVLE_GenerateOutmap
0010f32c 00000198 T DVLB_ParseFile
0010f4c4 00000054 T GX_ProcessCommandList
0010f518 00000060 T GX_MemoryFill
0010f578 00000050 T GX_DisplayTransfer
0010f5c8 00000054 T GX_FlushCacheRegions
0010f61c 0000002c T GPUCMD_SetBuffer
0010f648 00000010 T GPUCMD_SetBufferOffset
0010f658 00000068 T GPUCMD_FlushAndRun
0010f6c0 000000e4 T GPUCMD_Add
0010f7a4 00000098 T GPUCMD_Finalize
0010f83c 00000040 T f32tof24
0010f87c 00000040 T f32tof31
0010f8bc 00000124 t gspEventThreadMain
0010f9e0 00000074 T gspInit
0010fa54 0000003c T gspExit
0010fa90 000000d0 T gspInitEventHandler
0010fb60 0000005c T gspExitEventHandler
0010fbbc 00000058 T gspWaitForEvent
0010fc14 00000128 T gspSubmitGxCommand
0010fd3c 0000006c T GSPGPU_SetBufferSwap
0010fda8 0000004c T GSPGPU_FlushDataCache
0010fdf4 00000034 T GSPGPU_SetLcdForceBlack
0010fe28 00000064 T GSPGPU_RegisterInterruptRelayQueue
0010fe8c 0000002c T GSPGPU_UnregisterInterruptRelayQueue
0010feb8 00000048 T GSPGPU_AcquireRight
0010ff00 0000002c T GSPGPU_ReleaseRight
0010ff2c 00000080 T GSPGPU_ImportDisplayCaptureInfo
0010ffac 0000002c T GSPGPU_SaveVramSysArea
0010ffd8 0000002c T GSPGPU_RestoreVramSysArea
00110004 00000068 t __apt_initservicehandle
0011006c 00000004 W _aptDebug
00110070 00000098 T aptInitCaptureInfo
00110108 00000028 T aptWaitStatusEvent
00110130 00000060 T aptGetMenuAppID
00110190 00000034 T aptHook
001101c4 0000002c T aptUnhook
001101f0 0000006c T aptSetStatus
0011025c 00000048 T APT_GetLockHandle
001102a4 00000060 T APT_Initialize
00110304 00000034 T APT_Finalize
00110338 00000048 T APT_InquireNotification
00110380 0000002c T APT_PrepareToJumpToHomeMenu
001103ac 00000050 T APT_JumpToHomeMenu
001103fc 00000034 T APT_PrepareToJumpToApplication
00110430 00000050 T APT_JumpToApplication
00110480 00000034 T APT_NotifyToWait
001104b4 0000008c T APT_AppletUtility
00110540 00000188 T aptAppletUtility_Exit_RetToApp
001106c8 0000003c T aptAppletClosed
00110704 00000114 t aptAppStarted
00110818 00000298 T aptInit
00110ab0 0000006c T APT_ReceiveParameter
00110b1c 00000064 T APT_SendParameter
00110b80 00000044 T APT_SendCaptureBufferInfo
00110bc4 00000264 T aptReturnToMenu
00110e28 00000038 T APT_ReplySleepQuery
00110e60 00000034 T APT_ReplySleepNotificationComplete
00110e94 000003f4 T aptEventHandler
00111288 00000034 T APT_PrepareToCloseApplication
001112bc 00000050 T APT_CloseApplication
0011130c 000002d0 T aptExit
001115dc 0000006c T APT_CheckNew3DS_System
00111648 0000008c T APT_CheckNew3DS
001116d4 00000054 T APT_StartLibraryApplet
00111728 00000174 T aptAppletStarted
0011189c 000001a4 T aptMainLoop
00111a40 000000d8 T hidExit
00111b18 00000238 T hidScanInput
00111d50 00000010 T hidKeysDown
00111d60 00000090 T HIDUSER_GetHandles
00111df0 00000184 T hidInit
00111f74 00000070 T ptmSysmInit
00111fe4 00000034 T ptmSysmExit
00112018 00000034 T PTMSYSM_ConfigureNew3DSCPU
0011204c 00000014 T rbtree_init
00112060 000001d4 t do_insert
00112234 00000008 T rbtree_insert
0011223c 000000ac T rbtree_rotate
001122e8 0000035c T rbtree_remove
00112644 00000070 T rbtree_find
001126b4 00000038 W __libctru_init
001126ec 00000030 t __ctru_get_reent
0011271c 000000e8 T __system_initSyscalls
00112804 00000058 t osGetMemRegionSize
0011285c 00000124 W __system_allocateHeaps
00112980 000000f4 T __system_initArgv
00112a74 T svcControlMemory
00112a94 T svcExitProcess
00112a9c T svcCreateThread
00112abc T svcExitThread
00112ac4 T svcCreateEvent
00112ad8 T svcSignalEvent
00112ae0 T svcClearEvent
00112ae8 T svcMapMemoryBlock
00112af0 T svcUnmapMemoryBlock
00112af8 T svcCreateAddressArbiter
00112b0c T svcArbitrateAddress
00112b24 T svcCloseHandle
00112b2c T svcWaitSynchronization
00112b34 T svcWaitSynchronizationN
00112b5c T svcDuplicateHandle
00112b70 T svcGetSystemTick
00112b78 T svcGetSystemInfo
00112b90 T svcConnectToPort
00112ba4 T svcSendSyncRequest
00112bac T svcBreak
00112bb4 T svcOutputDebugString
00112bbc 00000024 t addrMapNodeComparator(rbtree_node const*, rbtree_node const*)
00112be0 00000004 t addrMapNodeDestructor(rbtree_node*)
00112be4 000000f4 T mappableAlloc
00112cd8 00000050 T mappableFree
00112d28 00000034 t LightLock_Unlock.part.1
00112d5c 0000000c T __sync_init
00112d68 00000018 T __sync_fini
00112d80 00000018 T LightLock_Init
00112d98 00000094 T LightLock_Lock
00112e2c 00000034 T LightLock_TryLock
00112e60 00000020 T LightLock_Unlock
00112e80 00000024 T RecursiveLock_Init
00112ea4 00000030 T RecursiveLock_Lock
00112ed4 00000058 T RecursiveLock_TryLock
00112f2c 00000038 T RecursiveLock_Unlock
00112f64 00000050 T srvExit
00112fb4 00000038 T srvRegisterClient
00112fec 00000070 T srvInit
0011305c 00000068 T srvGetServiceHandleDirect
001130c4 00000038 T srvGetServiceHandle
001130fc 000001c8 T threadCreate
001132c4 00000024 T threadJoin
001132e8 0000006c T threadExit
00113354 0000003c t _thread_begin
00113390 000000b0 T irrstScanInput
00113440 0000001c T irrstKeysHeld
0011345c 00000050 T IRRST_GetHandles
001134ac 00000148 T irrstInit
001135f4 0000002c T IRRST_Shutdown
00113620 000000b0 T irrstExit
001136d0 0000008c T rbtree_node_next
0011375c 0000001c W __appInit
00113778 0000001c W __appExit
00113794 000000a4 W __libctru_exit
00113838 00000094 T envGetHandle
001138cc 0000004c T envDestroyHandles
00113918 00000010 t sdmc_link
00113928 00000010 t sdmc_dirreset
00113938 00000010 t sdmc_chmod
00113948 00000010 t sdmc_fchmod
00113958 00000024 t error_cmp
0011397c 00000050 t sdmc_translate_error
001139cc 00000034 t sdmc_fsync
00113a00 00000054 t sdmc_ftruncate
00113a54 000000ac t sdmc_statvfs
00113b00 00000038 t sdmc_dirclose
00113b38 000000e0 t sdmc_dirnext
00113c18 00000034 t sdmc_close
00113c4c 00000074 t sdmc_fstat
00113cc0 000000c0 t sdmc_seek
00113d80 0000008c t sdmc_read
00113e0c 00000110 t sdmc_write_safe
00113f1c 000001b4 t sdmc_utf16path
001140d0 00000080 t sdmc_rmdir
00114150 0000009c t sdmc_diropen
001141ec 000000a8 t sdmc_chdir
00114294 000000a4 t sdmc_mkdir
00114338 00000138 t sdmc_rename
00114470 00000080 t sdmc_unlink
001144f0 00000120 t sdmc_stat
00114610 000001ac t sdmc_open
001147bc 00000134 T sdmcInit
001148f0 00000050 T sdmcExit
00114940 000000c8 T fsInit
00114a08 00000034 T fsExit
00114a3c 000000dc T FSUSER_OpenFile
00114b18 000000b8 T FSUSER_DeleteFile
00114bd0 000000f4 T FSUSER_RenameFile
00114cc4 000000b8 T FSUSER_DeleteDirectory
00114d7c 000000d0 T FSUSER_CreateFile
00114e4c 000000c0 T FSUSER_CreateDirectory
00114f0c 000000f4 T FSUSER_RenameDirectory
00115000 000000c4 T FSUSER_OpenDirectory
001150c4 000000bc T FSUSER_OpenArchive
00115180 00000088 T FSUSER_CloseArchive
00115208 0000008c T FSUSER_GetSdmcArchiveResource
00115294 00000064 T FSUSER_IsSdmcWritable
001152f8 0000005c T FSFILE_Read
00115354 00000064 T FSFILE_Write
001153b8 0000003c T FSFILE_GetSize
001153f4 0000002c T FSFILE_SetSize
00115420 0000003c T FSFILE_Close
0011545c 00000024 T FSFILE_Flush
00115480 00000054 T FSDIR_Read
001154d4 0000003c T FSDIR_Close
00115510 000000e4 T utf16_to_utf8
001155f4 00000060 T decode_utf16
00115654 00000138 T decode_utf8
0011578c 000000bc T utf8_to_utf16
00115848 T __aeabi_read_tp
00115854 00000068 T encode_utf16
001158bc 00000104 T encode_utf8
001159c0 00000078 T bsearch
00115a38 0000000c T __errno
00115a44 00000034 T exit
00115a78 0000003c T __libc_fini_array
00115ab4 00000078 T __libc_init_array
00115b2c 00000020 T memalign
00115b4c 0000015c T _memalign_r
00115ca8 00000018 T malloc
00115cc0 00000018 T free
00115cd8 000007a8 T _malloc_r
00116480 000000a8 T memcmp
00116528 000000f0 T memcpy
00116618 000000f4 T memset
0011670c 0000000c T __malloc_lock
00116718 0000000c T __malloc_unlock
00116724 00000038 T printf
0011675c 000000ec T _puts_r
00116848 00000018 T puts
00116860 000001fc T setvbuf
00116a5c 00000074 T sscanf
00116ad0 00000030 T __sread
00116b00 00000008 T __seofread
00116b08 00000054 T __swrite
00116b5c 0000002c T __sseek
00116b88 00000008 T __sclose
00116b90 0000015c T strchr
00116cec 00000018 T strdup
00116d04 00000040 T _strdup_r
00116d44 0000005c T strlen
00116da0 000000a4 T strncat
00116e44 000000e0 T strncpy
00116f24 00002c20 T __ssvfscanf_r
00119b44 00000018 T close
00119b5c 00000028 T lseek
00119b84 00000040 T open
00119bc4 00000028 T read
00119bec 000000a4 t __sprint_r.part.0
00119c90 0000001c T __sprint_r
00119cac 0000161c t get_arg
0011b2c8 00004878 T _vfprintf_r
0011fb40 000000cc t __sbprintf
0011fc0c 0000008c T _wcrtomb_r
0011fc98 00000020 T _wcsrtombs_r
0011fcb8 00000114 T __utf8_wctomb
0011fdcc 00000148 T __swsetup_r
0011ff14 00000174 T __call_exitprocs
00120088 000001bc t quorem
00120248 000012c8 T _dtoa_r
00121510 00000230 T __sflush_r
00121740 00000090 T _fflush_r
001217d0 0000000c T _cleanup_r
001217dc 00000080 t std.isra.0
0012185c 0000008c T __sinit
001218e8 0000000c T __sfp_lock_acquire
001218f4 0000000c T __sfp_lock_release
00121900 00000124 T __fputwc
00121a24 000000a8 T _fputwc_r
00121acc 000000f8 T _malloc_trim_r
00121bc4 000002e4 T _free_r
00121ea8 000004a4 T __sfvwrite_r
0012234c 00000080 T _fwalk_reent
001223cc 00000074 T iswspace
00122440 00000204 t __jp2uc
00122644 00000084 T _jp2uc
001226c8 0000000c T __locale_charset
001226d4 00000010 T __locale_mb_cur_max
001226e4 0000000c T _localeconv_r
001226f0 00000160 T __smakebuf_r
00122850 00000098 T _mbrtowc_r
001228e8 000002fc T __utf8_mbtowc
00122be4 00000100 T memchr
00122ce4 00000128 T memmove
00122e0c 0000008c T _Balloc
00122e98 0000001c T _Bfree
00122eb4 000000d0 T __multadd
00122f84 000000e4 T __s2b
00123068 0000005c T __hi0bits
001230c4 00000098 T __lo0bits
0012315c 00000020 T __i2b
0012317c 000001dc T __multiply
00123358 00000100 T __pow5mult
00123458 000000f0 T __lshift
00123548 00000064 T __mcmp
001235ac 00000198 T __mdiff
00123744 00000078 T __ulp
001237bc 000000d4 T __b2d
00123890 00000104 T __d2b
00123994 00000078 T __ratio
00123a0c 0000006c T __copybits
00123a78 00000080 T __any_on
00123af8 000004c0 T _realloc_r
00123fb8 000000d0 T __sccl
00124088 0000000c T nanf
00124094 00000074 T __fpclassifyd
00124108 00000094 T frexp
001241a0 00000068 T sprintf
00124208 00000108 T stpncpy
00124310 0000011c T strncmp
0012442c 00000058 t sulp
00124488 0000144c T _strtod_r
001258d8 0000025c T _strtoll_r
00125b34 000001d4 T _strtol_r
00125d08 00000264 T _strtoull_r
00125f70 000001d4 T _strtoul_r
00126144 000001a8 T __ssprint_r
001262ec 000000f8 T _sungetc_r
001263e4 0000006c T __ssrefill_r
00126450 000000c8 T _sfread_r
00126518 0000161c t get_arg
00127b38 000049fc T _svfprintf_r
0012c538 000000a8 T __submore
0012c5e0 00000124 T __swbuf_r
0012c704 00000190 T _wcsnrtombs_r
0012c894 00000090 T _calloc_r
0012c924 00000120 T _fclose_r
0012ca44 000000ec t rshift
0012cb30 000007d0 T __gethex
0012d300 00000258 T __hexnan
0012d558 0000005c T strnlen
0012d5b4 00000044 T strrchr
0012d5f8 T _fini
0012f000 00000030 r CSWTCH.16
0012f030 R shader_vsh_shbin
0012f130 R shader_vsh_shbin_end
0012f130 R shader_vsh_shbin_size
0012f134 00000800 r lenfix.5550
0012f934 00000080 r distfix.5551
0012f9b4 00000026 r order.5579
0012f9dc 00000040 r dext.5465
0012fa1c 00000040 r dbase.5464
0012fa5c 0000003e r lext.5463
0012fa9c 0000003e r lbase.5462
0012fadc 0000002f R inflate_copyright
0012fb0c 00000028 R z_errmsg
0012fb34 00002000 r crc_table
00131b34 00000068 r dotab_3dmoo
00131b9c 00000068 r dotab_stdout
00131c04 00000068 r dotab_null
00131c6c 00000030 r colorTable
00131c9c 00000014 r CSWTCH.21
00131cb0 00000008 r framebufferInfoSt
00131cb8 00000004 R GPU_FORMATSIZE
00131cbc 00000006 R GPU_TEVID
00131cc4 00000024 r CSWTCH.14
00131ce8 0000000c r __apt_servicenames
00131cf4 R default_font_bin
001324f4 R default_font_bin_end
001324f4 R default_font_bin_size
001324f8 00000030 r error_table
00132528 00000068 R dotab_stdnull
00132590 00000003 R DIRECTORY_PARENT
00132594 00000002 R DIRECTORY_THIS
00132598 00000002 R DIRECTORY_SEPARATOR
0013275c 00000080 r npio2_hw
001327dc 00000318 r two_over_pi
00132af4 0000000c r init_jk
00132b00 0000002c r PIo2
00132e80 00000004 R _global_impure_ptr
00132e84 00000022 r basefix.7044
00132eb0 00000010 r zeroes.7138
00132f00 r .LC2
00132f04 00000010 r blanks.7137
00132f14 00000101 R _ctype_
00133028 000000bc r a1
001330e4 000000bc r a2
001331a0 0000005b r a3
001331fc 00000070 r a6
0013326c 000000a2 r a7
00133310 00000040 r a8
00133364 0000172a r b02cf
00134a90 00001a7c r d02f4
00136620 000000c8 R __mprec_tens
001366e8 0000000c r p05.5412
001366f8 00000028 R __mprec_bigtens
00136720 00000014 r fpinan.5417
00136744 00000014 r fpi.5381
00136758 00000028 r tinytens
00136780 0000006c R __state_table
001367ec 00000100 R __chclass
001368ec 0000006c R __action_table
00136958 00000010 r blanks.7122
00136968 00000010 r zeroes.7123
00136978 00000100 R __hexdig
00136a80 r __EH_FRAME_BEGIN__
00136a80 R __exidx_end
00136a80 R __exidx_start
00137000 00000004 d projection_desc
00137004 00000004 d vblank_wait
00137008 0000004c D defaultConsole
00137054 00000004 D currentConsole
00137058 00000001 d firstConsoleInit.6519
0013705c 00000001 d topFormat
0013705d 00000001 d botFormat
00137060 00000008 d doubleBuf
00137068 W __stacksize__
00137070 00000401 d __cwd
00137478 00000018 d sdmcArchive
00137490 00000068 d sdmc_devoptab
001374f8 00000004 d defaultDevice
001374fc 00000040 D devoptab_list
0013753c 00001000 d _current_working_directory
0013853c 0000000c d __stdin_handle
00138548 0000000c d __stdout_handle
00138554 0000000c d __stderr_handle
00138560 00000004 d __hndl_lock
00138564 00001000 d handles
00139568 00000440 d impure_data
001399a8 00000004 D _impure_ptr
001399ac 00000408 D __malloc_av_
00139db4 00000004 D __malloc_trim_threshold
00139db8 00000004 D __malloc_sbrk_base
00139dbc 0000000c d __malloc_lock_object
00139dc8 00000004 D __wctomb
00139dcc 0000000c D __atexit_lock
00139dd8 00000004 D __ctype_ptr__
00139ddc 0000000c d __sfp_lock
00139de8 0000000c d __sinit_lock
00139df4 00000038 d lconv
00139e2c 00000020 d lc_ctype_charset
00139e4c 00000004 D __mb_cur_max
00139e50 00000004 D __mbtowc
00139e54 t __frame_dummy_init_array_entry
00139e54 T __init_array_start
00139e54 d __JCR_LIST__
00139e54 B __preinit_array_end
00139e54 B __preinit_array_start
00139e54 D __tdata_lma
00139e54 D __tdata_lma_end
00139e54 D __TMC_END__
00139e54 d __TMC_LIST__
00139e58 t __do_global_dtors_aux_fini_array_entry
00139e58 T __fini_array_start
00139e58 T __init_array_end
00139e5c T __bss_start__
00139e5c b completed.6505
00139e5c T __fini_array_end
00139e60 b object.6510
00139e78 00000004 b gpu_cmd_size
00139e7c 00000004 b gpu_cmd
00139e80 00000014 b shader
00139e94 00000001 b cur_screen
00139e98 00000040 b ortho_matrix_top
00139ed8 00000040 b ortho_matrix_bot
00139f18 00000004 b gpu_fb_addr
00139f1c 00000004 b gpu_depth_fb_addr
00139f20 00000004 b pool_addr
00139f24 00000004 b pool_size
00139f28 00000004 b dvlb
00139f2c 0000000c b apt_hook_cookie
00139f38 00000004 b current_fps
00139f3c 00000004 b frames
00139f40 00000008 b last_time
00139f48 00000001 b cur_side
00139f4c 00000004 b pool_index
00139f50 00000004 b sf2d_initialized
00139f54 00000004 b clear_color
00139f58 00000008 b sVramPool
00139f60 0000000c b sAddrMap
00139f6c 00000008 b sLinearPool
00139f74 0000000c b sAddrMap
00139f80 00000001 V __ctru_speedup
00139f84 00000001 b enable3d
00139f88 00000004 b screenFree
00139f8c 00000002 b currentBuffer
00139f90 00000004 b gspEvent
00139f94 00000004 b gspEventData
00139f98 00000004 b gspRefCount
00139f9c 00000004 b __apt_servicestr
00139fa0 0000000c b aptFirstHook
00139fac 00000001 B aptStatus
00139fb0 00000004 b aptRefCount
00139fb4 00000002 b __apt_launchapplet_appID
00139fb8 00000020 b __ns_capinfo
00139fd8 00000001 B aptStatusBeforeSleep
00139fdc 00000004 b __apt_launchapplet_parambuf
00139fe0 00000004 b __apt_launchapplet_parambufsize
00139fe4 00000004 b __apt_new3dsflag_initialized
00139fe8 00000001 b __apt_new3dsflag
00139fec 00000004 b __apt_launchapplet_inhandle
00139ff0 00000004 b hidRefCount
00139ff4 00000004 b kOld
00139ff8 00000004 b kHeld
00139ffc 00000004 b cPos
0013a000 00000004 b tPos
0013a004 00000006 b aVec
0013a00c 00000006 b gRate
0013a014 00000004 b kDown
0013a018 00000004 b kUp
0013a01c 00000004 b ptmSysmRefCount
0013a020 00000004 b ptmSysmHandle
0013a024 b saved_stack
0013a02c 00000008 b sMappablePool
0013a034 0000000c b sAddrMap
0013a040 00000004 b arbiter
0013a044 00000004 b srvRefCount
0013a048 00000004 b srvHandle
0013a04c 00000004 b irrstRefCount
0013a050 00000004 b kHeld
0013a054 00000004 b csPos
0013a058 00000001 b sdmcInitialised
0013a05c 00000004 b fsuRefCount
0013a060 00000004 b fsuHandle
0013a064 00000004 b heap_start.5704
0013a068 00000004 B fake_heap_start
0013a06c 00000004 B fake_heap_end
0013a070 00001000 b temp_cwd
0013b070 00000038 B __syscalls
0013b0a8 00000004 B __malloc_max_total_mem
0013b0ac 00000004 B __malloc_max_sbrked_mem
0013b0b0 00000004 B __malloc_top_pad
0013b0b4 00000028 B __malloc_current_mallinfo
0013b0dc 0000004c B currentCopy
0013b128 00000008 B gfxBottomFramebuffers
0013b130 00000004 B gspSharedMemHandle
0013b134 0000001c B bottomFramebufferInfo
0013b150 00000004 B gspEvent
0013b154 00000008 B gfxTopLeftFramebuffers
0013b15c 00000008 B gfxTopRightFramebuffers
0013b164 0000001c B topFramebufferInfo
0013b180 00000001 B gfxThreadID
0013b184 00000004 B gfxSharedMemory
0013b188 00000004 B gxCmdBuf
0013b18c 00000004 B gpuCmdBuf
0013b190 00000004 B gpuCmdBufOffset
0013b194 00000004 B gpuCmdBufSize
0013b198 00000007 B gspEventCbOneShot
0013b1a0 0000001c B gspEventCb
0013b1bc 00000004 B gspGpuHandle
0013b1c0 00000004 B gspEventThread
0013b1c4 0000001c B gspEventCounts
0013b1e0 0000001c B gspEvents
0013b1fc 00000001 B gspRunEvents
0013b200 0000001c B gspEventCbData
0013b21c 00000004 B aptEventHandlerThread
0013b220 00000004 B aptSleepSync
0013b224 00001000 B aptParameters
0013c224 00000004 B aptuHandle
0013c228 0000000c B aptEvents
0013c234 00000004 B aptStatusEvent
0013c238 00000004 B aptStatusPower
0013c23c 00000004 B aptStatusMutex
0013c240 00000004 B aptLockHandle
0013c244 00000002 B currentAppId
0013c248 00000004 B hidMemHandle
0013c24c 00000004 B hidHandle
0013c250 00000004 B hidSharedMem
0013c254 00000014 B hidEvents
0013c268 00000004 B __system_retAddr
0013c26c 00000004 B __ctru_heap_size
0013c270 00000004 B __ctru_linear_heap
0013c274 00000004 B __ctru_heap
0013c278 00000004 B __ctru_linear_heap_size
0013c27c 00000004 B __system_argv
0013c280 00000004 B __system_argc
0013c284 00000004 B irrstHandle
0013c288 00000004 B irrstEvent
0013c28c 00000004 B irrstMemHandle
0013c290 00000004 B irrstSharedMem
0013c294 B __tls_start
0013f6a0 B __bss_end__
0013f6a0 A __end__
0013f6a0 B __tls_end
